This is pdfTeX, Version 3.141592653-2.6-1.40.24 (MiKTeX 23.1) (preloaded format=pdflatex 2023.2.2)  6 FEB 2023 23:34
entering extended mode
 restricted \write18 enabled.
 file:line:error style messages enabled.
 %&-line parsing enabled.
**"c:/Users/Leoni Gabriel/.vscode/LATEX/TCC1/latex/tcc.tex"
(c:/Users/Leoni Gabriel/.vscode/LATEX/TCC1/latex/tcc.tex
LaTeX2e <2022-11-01> patch level 1
L3 programming layer <2023-01-24> (fixos/pacotes.tex (C:\Users\Leoni Gabriel\AppData\Local\Programs\MiKTeX\tex/latex/abntex2\abntex2.cls
Document Class: abntex2 2018/11/24 v-1.9.7 abnTeX2
(C:\Users\Leoni Gabriel\AppData\Local\Programs\MiKTeX\tex/latex/base\ifthen.sty
Package: ifthen 2022/04/13 v1.1d Standard LaTeX ifthen package (DPC)
) (C:\Users\Leoni Gabriel\AppData\Local\Programs\MiKTeX\tex/latex/memoir\memoir.cls
Document Class: memoir 2022/11/17 v3.7.19 configurable book, report, article document class
(C:\Users\Leoni Gabriel\AppData\Local\Programs\MiKTeX\tex/latex/etoolbox\etoolbox.sty
Package: etoolbox 2020/10/05 v2.5k e-TeX tools for LaTeX (JAW)
\etb@tempcnta=\count185
)
\onelineskip=\skip48
\lxvchars=\skip49
\xlvchars=\skip50
\@memcnta=\count186
\c@@memmarkcntra=\count187
 (C:\Users\Leoni Gabriel\AppData\Local\Programs\MiKTeX\tex/generic/iftex\iftex.sty
Package: iftex 2022/02/03 v1.0f TeX engine tests
)
\stockheight=\dimen140
\stockwidth=\dimen141
\trimtop=\skip51
\trimedge=\skip52
 (C:\Users\Leoni Gabriel\AppData\Local\Programs\MiKTeX\tex/latex/memoir\mem12.clo
File: mem12.clo 2022/07/29 v0.5 memoir class 12pt size option
)
\binding=\skip53
\spinemargin=\skip54
\foremargin=\skip55
\uppermargin=\skip56
\lowermargin=\skip57
\headdrop=\skip58
\normalrulethickness=\skip59
\mem@maxheadheight=\skip60
\mem@maxfootheight=\skip61
\headwidth=\skip62
\c@storedpagenumber=\count188
\memPD=\dimen142
\m@mabparskip=\skip63
\thanksmarkwidth=\skip64
\thanksmarksep=\skip65
\droptitle=\skip66
\c@book=\count189
\c@part=\count190
\c@chapter=\count191
\c@section=\count192
\c@subsection=\count193
\c@subsubsection=\count194
\c@paragraph=\count195
\c@subparagraph=\count196
\beforechapskip=\skip67
\midchapskip=\skip68
\afterchapskip=\skip69
\chapindent=\skip70
\bottomsectionskip=\skip71
\secindent=\skip72
\beforesecskip=\skip73
\aftersecskip=\skip74
\subsecindent=\skip75
\beforesubsecskip=\skip76
\aftersubsecskip=\skip77
\subsubsecindent=\skip78
\beforesubsubsecskip=\skip79
\aftersubsubsecskip=\skip80
\paraindent=\skip81
\beforeparaskip=\skip82
\afterparaskip=\skip83
\subparaindent=\skip84
\beforesubparaskip=\skip85
\aftersubparaskip=\skip86
\pfbreakskip=\skip87
\c@@ppsavesec=\count197
\c@@ppsaveapp=\count198
\ragrparindent=\dimen143
\everylistparindent=\dimen144
\parsepi=\skip88
\topsepi=\skip89
\itemsepi=\skip90
\parsepii=\skip91
\topsepii=\skip92
\topsepiii=\skip93
\itemsepii=\skip94
\itemsepiii=\skip95
\partopsepii=\skip96
\partopsepiii=\skip97
\m@msavetopsep=\skip98
\m@msavepartopsep=\skip99
\@enLab=\toks16
\abstitleskip=\skip100
\absleftindent=\skip101
\abs@leftindent=\dimen145
\absrightindent=\skip102
\absparindent=\skip103
\absparsep=\skip104
\c@vslineno=\count199
\c@poemline=\count266
\c@modulo@vs=\count267
\c@memfvsline=\count268
\vleftskip=\skip105
\vrightskip=\skip106
\stanzaskip=\skip107
\versewidth=\skip108
\vgap=\skip109
\vindent=\skip110
\vleftmargin=\dimen146
\c@verse=\count269
\c@chrsinstr=\count270
\beforepoemtitleskip=\skip111
\afterpoemtitleskip=\skip112
\c@poem=\count271
\beforePoemTitleskip=\skip113
\midPoemTitleskip=\skip114
\afterPoemTitleskip=\skip115
 (C:\Users\Leoni Gabriel\AppData\Local\Programs\MiKTeX\tex/latex/tools\array.sty
Package: array 2022/03/10 v2.5f Tabular extension package (FMi)
\col@sep=\dimen147
\ar@mcellbox=\box51
\extrarowheight=\dimen148
\NC@list=\toks17
\extratabsurround=\skip116
\backup@length=\skip117
\ar@cellbox=\box52
) (C:\Users\Leoni Gabriel\AppData\Local\Programs\MiKTeX\tex/latex/tools\dcolumn.sty
Package: dcolumn 2014/10/28 v1.06 decimal alignment package (DPC)
) (C:\Users\Leoni Gabriel\AppData\Local\Programs\MiKTeX\tex/latex/tools\delarray.sty
Package: delarray 2014/10/28 v1.01 array delimiter package (DPC)
) (C:\Users\Leoni Gabriel\AppData\Local\Programs\MiKTeX\tex/latex/tools\tabularx.sty
Package: tabularx 2020/01/15 v2.11c `tabularx' package (DPC)
\TX@col@width=\dimen149
\TX@old@table=\dimen150
\TX@old@col=\dimen151
\TX@target=\dimen152
\TX@delta=\dimen153
\TX@cols=\count272
\TX@ftn=\toks18
)
\heavyrulewidth=\dimen154
\lightrulewidth=\dimen155
\cmidrulewidth=\dimen156
\belowrulesep=\dimen157
\belowbottomsep=\dimen158
\aboverulesep=\dimen159
\abovetopsep=\dimen160
\cmidrulesep=\dimen161
\cmidrulekern=\dimen162
\defaultaddspace=\dimen163
\@cmidla=\count273
\@cmidlb=\count274
\@aboverulesep=\dimen164
\@belowrulesep=\dimen165
\@thisruleclass=\count275
\@lastruleclass=\count276
\@thisrulewidth=\dimen166
\ctableftskip=\skip118
\ctabrightskip=\skip119
\abovecolumnspenalty=\count277
\@linestogo=\count278
\@cellstogo=\count279
\@cellsincolumn=\count280
\crtok=\toks19
\@mincolumnwidth=\dimen167
\c@newflo@tctr=\count281
\mem@margin@floatbox=\box53
\@contcwidth=\skip120
\@contindw=\skip121
\abovecaptionskip=\skip122
\belowcaptionskip=\skip123
\subfloattopskip=\skip124
\subfloatcapskip=\skip125
\subfloatcaptopadj=\skip126
\subfloatbottomskip=\skip127
\subfloatlabelskip=\skip128
\subfloatcapmargin=\dimen168
\c@@contsubnum=\count282
\m@mscap@capbox=\box54
\m@mscap@fbox=\box55
\sidecapsep=\dimen169
\sidecapwidth=\dimen170
\m@m@tempdima=\dimen171
\m@mscapraise=\dimen172
\sidecapraise=\dimen173
\m@mscapmainwidth=\dimen174
\m@mscaplkern=\dimen175
\beforeepigraphskip=\skip129
\afterepigraphskip=\skip130
\epigraphwidth=\skip131
\epigraphrule=\skip132
LaTeX Info: Redefining \em on input line 7655.
LaTeX Info: Redefining \emph on input line 7663.
\tocentryskip=\skip133
\tocbaseline=\skip134
\cftparskip=\skip135
\cftbeforebookskip=\skip136
\cftbookindent=\dimen176
\cftbooknumwidth=\dimen177
\cftbeforepartskip=\skip137
\cftpartindent=\skip138
\cftpartnumwidth=\skip139
\cftbeforechapterskip=\skip140
\cftchapterindent=\skip141
\cftchapternumwidth=\skip142
\cftbeforesectionskip=\skip143
\cftsectionindent=\skip144
\cftsectionnumwidth=\skip145
\cftbeforesubsectionskip=\skip146
\cftsubsectionindent=\skip147
\cftsubsectionnumwidth=\skip148
\cftbeforesubsubsectionskip=\skip149
\cftsubsubsectionindent=\skip150
\cftsubsubsectionnumwidth=\skip151
\cftbeforeparagraphskip=\skip152
\cftparagraphindent=\skip153
\cftparagraphnumwidth=\skip154
\cftbeforesubparagraphskip=\skip155
\cftsubparagraphindent=\skip156
\cftsubparagraphnumwidth=\skip157
\prechapterprecisshift=\dimen178
\c@maxsecnumdepth=\count283
\bibindent=\dimen179
\bibitemsep=\skip158
\indexcolsep=\skip159
\indexrule=\skip160
\indexmarkstyle=\toks20
\@indexbox=\insert252
\glossarycolsep=\dimen180
\glossaryrule=\dimen181
\sideparvshift=\skip161
\sideins=\insert251
\sidebartopsep=\skip162
\sidebarhsep=\skip163
\sidebarvsep=\skip164
\sidebarwidth=\skip165
\footmarkwidth=\skip166
\footmarksep=\skip167
\footparindent=\skip168
\footinsdim=\skip169
\footinsv@r=\insert250
\@mpfootinsv@r=\insert249
\m@m@k=\count284
\m@m@h=\dimen182
\m@mipn@skip=\skip170
\sidefootins=\insert248
\sidefootadjust=\skip171
\sidefootheight=\skip172
\sidefoothsep=\skip173
\sidefootvsep=\skip174
\sidefootwidth=\skip175
\m@mdownsf=\skip176
\c@sidefootnote=\count285
\sidefootmarkwidth=\skip177
\sidefootmarksep=\skip178
\sidefootparindent=\skip179
\c@pagenote=\count286
\c@pagenoteshadow=\count287
\mem@pn@lastkern=\skip180
\every@verbatim=\toks21
\afterevery@verbatim=\toks22
\verbatim@line=\toks23
\tab@position=\count288
\verbatim@in@stream=\read2
\verbatimindent=\skip181
\verbatim@out=\write3
\bvboxsep=\skip182
\c@memfbvline=\count289
\c@bvlinectr=\count290
\bvnumlength=\skip183
\fb@frw=\dimen183
\fb@frh=\dimen184
\FrameRule=\dimen185
\FrameSep=\dimen186
\c@cp@cntr=\count291
\c@ism@mctr=\count292
\c@xsm@mctr=\count293
\c@csm@mctr=\count294
\c@ksm@mctr=\count295
\c@xksm@mctr=\count296
\c@cksm@mctr=\count297
\c@msm@mctr=\count298
\c@xmsm@mctr=\count299
\c@cmsm@mctr=\count300
\c@bsm@mctr=\count301
\c@workm@mctr=\count302
\c@sheetsequence=\count303
\c@lastsheet=\count304
\c@lastpage=\count305
 (C:\Users\Leoni Gabriel\AppData\Local\Programs\MiKTeX\tex/latex/textcase\textcase.sty
Package: textcase 2022/07/10 v1.03 Text only upper/lower case changing (DPC)
Package textcase Info: Defining Legacy names on input line 20.
)
\c@figure=\count306
\c@lofdepth=\count307
\cftbeforefigureskip=\skip184
\cftfigureindent=\skip185
\cftfigurenumwidth=\skip186
\c@table=\count308
\c@lotdepth=\count309
\cftbeforetableskip=\skip187
\cfttableindent=\skip188
\cfttablenumwidth=\skip189
Package abstract [2008/07/23] emulated by memoir.
Package appendix [2008/07/23] emulated by memoir.
Package booktabs [2016/05/16] emulated by memoir.
Package ccaption [2008/07/23] emulated by memoir.
Package changepage [2008/07/23] emulated by memoir.
Package chngcntr [2008/07/23] emulated by memoir.
Package chngpage [2008/07/23] emulated by memoir.
Package crop emulated by memoir.
Package enumerate [2008/07/23] emulated by memoir.
Package epigraph [2008/07/23] emulated by memoir.
Package ifmtarg [2008/07/23] emulated by memoir.
Package index [2008/07/23] emulated by memoir.
Package makeidx [2008/07/23] emulated by memoir.
Package moreverb [2008/07/23] emulated by memoir.
Package needspace [2008/07/23] emulated by memoir.
Package newfile [2008/07/23] emulated by memoir.
Package nextpage [2008/07/23] emulated by memoir.
Package pagenote [2008/07/23] emulated by memoir.
Package parskip [2008/07/23] emulated by memoir.
Package patchcmd [2008/07/23] emulated by memoir.
Package setspace [2008/07/23] emulated by memoir.
Package shortvrb [2008/07/23] emulated by memoir.
Package showidx [2008/07/23] emulated by memoir.
Package titleref [2008/07/23] emulated by memoir.
Package titling [2008/07/23] emulated by memoir.
Package tocbibind [2008/07/23] emulated by memoir.
Package tocloft [2008/07/23] emulated by memoir.
Package tocvsec2 [2008/07/23] emulated by memoir.
Package verbatim [2008/07/23] emulated by memoir.
Package verse [2008/07/23] emulated by memoir.
) (C:\Users\Leoni Gabriel\AppData\Local\Programs\MiKTeX\tex/latex/hyperref\hyperref.sty
Package: hyperref 2022-11-13 v7.00u Hypertext links for LaTeX
 (C:\Users\Leoni Gabriel\AppData\Local\Programs\MiKTeX\tex/generic/ltxcmds\ltxcmds.sty
Package: ltxcmds 2020-05-10 v1.25 LaTeX kernel commands for general use (HO)
) (C:\Users\Leoni Gabriel\AppData\Local\Programs\MiKTeX\tex/generic/pdftexcmds\pdftexcmds.sty
Package: pdftexcmds 2020-06-27 v0.33 Utility functions of pdfTeX for LuaTeX (HO)
 (C:\Users\Leoni Gabriel\AppData\Local\Programs\MiKTeX\tex/generic/infwarerr\infwarerr.sty
Package: infwarerr 2019/12/03 v1.5 Providing info/warning/error messages (HO)
)
Package pdftexcmds Info: \pdf@primitive is available.
Package pdftexcmds Info: \pdf@ifprimitive is available.
Package pdftexcmds Info: \pdfdraftmode found.
) (C:\Users\Leoni Gabriel\AppData\Local\Programs\MiKTeX\tex/latex/graphics\keyval.sty
Package: keyval 2022/05/29 v1.15 key=value parser (DPC)
\KV@toks@=\toks24
) (C:\Users\Leoni Gabriel\AppData\Local\Programs\MiKTeX\tex/latex/kvsetkeys\kvsetkeys.sty
Package: kvsetkeys 2022-10-05 v1.19 Key value parser (HO)
) (C:\Users\Leoni Gabriel\AppData\Local\Programs\MiKTeX\tex/generic/kvdefinekeys\kvdefinekeys.sty
Package: kvdefinekeys 2019-12-19 v1.6 Define keys (HO)
) (C:\Users\Leoni Gabriel\AppData\Local\Programs\MiKTeX\tex/generic/pdfescape\pdfescape.sty
Package: pdfescape 2019/12/09 v1.15 Implements pdfTeX's escape features (HO)
) (C:\Users\Leoni Gabriel\AppData\Local\Programs\MiKTeX\tex/latex/hycolor\hycolor.sty
Package: hycolor 2020-01-27 v1.10 Color options for hyperref/bookmark (HO)
) (C:\Users\Leoni Gabriel\AppData\Local\Programs\MiKTeX\tex/latex/letltxmacro\letltxmacro.sty
Package: letltxmacro 2019/12/03 v1.6 Let assignment for LaTeX macros (HO)
) (C:\Users\Leoni Gabriel\AppData\Local\Programs\MiKTeX\tex/latex/auxhook\auxhook.sty
Package: auxhook 2019-12-17 v1.6 Hooks for auxiliary files (HO)
) (C:\Users\Leoni Gabriel\AppData\Local\Programs\MiKTeX\tex/latex/hyperref\nameref.sty
Package: nameref 2022-05-17 v2.50 Cross-referencing by name of section
 (C:\Users\Leoni Gabriel\AppData\Local\Programs\MiKTeX\tex/latex/refcount\refcount.sty
Package: refcount 2019/12/15 v3.6 Data extraction from label references (HO)
) (C:\Users\Leoni Gabriel\AppData\Local\Programs\MiKTeX\tex/generic/gettitlestring\gettitlestring.sty
Package: gettitlestring 2019/12/15 v1.6 Cleanup title references (HO)
 (C:\Users\Leoni Gabriel\AppData\Local\Programs\MiKTeX\tex/latex/kvoptions\kvoptions.sty
Package: kvoptions 2022-06-15 v3.15 Key value format for package options (HO)
))
\c@section@level=\count310
)
\@linkdim=\dimen187
\Hy@linkcounter=\count311
\Hy@pagecounter=\count312
 (C:\Users\Leoni Gabriel\AppData\Local\Programs\MiKTeX\tex/latex/hyperref\pd1enc.def
File: pd1enc.def 2022-11-13 v7.00u Hyperref: PDFDocEncoding definition (HO)
Now handling font encoding PD1 ...
... no UTF-8 mapping file for font encoding PD1
) (C:\Users\Leoni Gabriel\AppData\Local\Programs\MiKTeX\tex/generic/intcalc\intcalc.sty
Package: intcalc 2019/12/15 v1.3 Expandable calculations with integers (HO)
) (C:\Users\Leoni Gabriel\AppData\Local\Programs\MiKTeX\tex/generic/etexcmds\etexcmds.sty
Package: etexcmds 2019/12/15 v1.7 Avoid name clashes with e-TeX commands (HO)
)
\Hy@SavedSpaceFactor=\count313
 (C:\Users\Leoni Gabriel\AppData\Local\Programs\MiKTeX\tex/latex/hyperref\puenc.def
File: puenc.def 2022-11-13 v7.00u Hyperref: PDF Unicode definition (HO)
Now handling font encoding PU ...
... no UTF-8 mapping file for font encoding PU
)
Package hyperref Info: Hyper figures OFF on input line 4162.
Package hyperref Info: Link nesting OFF on input line 4167.
Package hyperref Info: Hyper index ON on input line 4170.
Package hyperref Info: Plain pages OFF on input line 4177.
Package hyperref Info: Backreferencing OFF on input line 4182.
Package hyperref Info: Implicit mode ON; LaTeX internals redefined.
Package hyperref Info: Bookmarks ON on input line 4410.
\c@Hy@tempcnt=\count314
 (C:\Users\Leoni Gabriel\AppData\Local\Programs\MiKTeX\tex/latex/url\url.sty
\Urlmuskip=\muskip16
Package: url 2013/09/16  ver 3.4  Verb mode for urls, etc.
)
LaTeX Info: Redefining \url on input line 4748.
\XeTeXLinkMargin=\dimen188
 (C:\Users\Leoni Gabriel\AppData\Local\Programs\MiKTeX\tex/generic/bitset\bitset.sty
Package: bitset 2019/12/09 v1.3 Handle bit-vector datatype (HO)
 (C:\Users\Leoni Gabriel\AppData\Local\Programs\MiKTeX\tex/generic/bigintcalc\bigintcalc.sty
Package: bigintcalc 2019/12/15 v1.5 Expandable calculations on big integers (HO)
))
\Fld@menulength=\count315
\Field@Width=\dimen189
\Fld@charsize=\dimen190
Package hyperref Info: Hyper figures OFF on input line 6027.
Package hyperref Info: Link nesting OFF on input line 6032.
Package hyperref Info: Hyper index ON on input line 6035.
Package hyperref Info: backreferencing OFF on input line 6042.
Package hyperref Info: Link coloring OFF on input line 6047.
Package hyperref Info: Link coloring with OCG OFF on input line 6052.
Package hyperref Info: PDF/A mode OFF on input line 6057.
 (C:\Users\Leoni Gabriel\AppData\Local\Programs\MiKTeX\tex/latex/base\atbegshi-ltx.sty
Package: atbegshi-ltx 2021/01/10 v1.0c Emulation of the original atbegshi
package with kernel methods
)
\Hy@abspage=\count316
\c@Item=\count317
\c@Hfootnote=\count318
)
Package hyperref Info: Driver (autodetected): hpdftex.
 (C:\Users\Leoni Gabriel\AppData\Local\Programs\MiKTeX\tex/latex/hyperref\hpdftex.def
File: hpdftex.def 2022-11-13 v7.00u Hyperref driver for pdfTeX
 (C:\Users\Leoni Gabriel\AppData\Local\Programs\MiKTeX\tex/latex/base\atveryend-ltx.sty
Package: atveryend-ltx 2020/08/19 v1.0a Emulation of the original atveryend package
with kernel methods
)
\Fld@listcount=\count319
\c@bookmark@seq@number=\count320
 (C:\Users\Leoni Gabriel\AppData\Local\Programs\MiKTeX\tex/latex/rerunfilecheck\rerunfilecheck.sty
Package: rerunfilecheck 2022-07-10 v1.10 Rerun checks for auxiliary files (HO)
 (C:\Users\Leoni Gabriel\AppData\Local\Programs\MiKTeX\tex/generic/uniquecounter\uniquecounter.sty
Package: uniquecounter 2019/12/15 v1.4 Provide unlimited unique counter (HO)
)
Package uniquecounter Info: New unique counter `rerunfilecheck' on input line 285.
)
\Hy@SectionHShift=\skip190
) (C:\Users\Leoni Gabriel\AppData\Local\Programs\MiKTeX\tex/latex/memoir\memhfixc.sty
Package: memhfixc 2022/11/17 v1.20 nameref/hyperref package fixes for memoir class

Redoing nameref's sectioning
Redoing nameref's label
LaTeX Info: Redefining \nameref on input line 106.
\c@memhycontfloat=\count321
\c@Hpagenote=\count322
) (C:\Users\Leoni Gabriel\AppData\Local\Programs\MiKTeX\tex/latex/bookmark\bookmark.sty
Package: bookmark 2020-11-06 v1.29 PDF bookmarks (HO)
 (C:\Users\Leoni Gabriel\AppData\Local\Programs\MiKTeX\tex/latex/bookmark\bkm-pdftex.def
File: bkm-pdftex.def 2020-11-06 v1.29 bookmark driver for pdfTeX (HO)
\BKM@id=\count323
)) (C:\Users\Leoni Gabriel\AppData\Local\Programs\MiKTeX\tex/generic/babel\babel.sty
Package: babel 2022/01/23 3.85 The Babel package
\babel@savecnt=\count324
\U@D=\dimen191
\l@unhyphenated=\language79
 (C:\Users\Leoni Gabriel\AppData\Local\Programs\MiKTeX\tex/generic/babel\txtbabel.def)
\bbl@readstream=\read3
\bbl@dirlevel=\count325

*************************************
* Local config file bblopts.cfg used
*
(C:\Users\Leoni Gabriel\AppData\Local\Programs\MiKTeX\tex/latex/arabi\bblopts.cfg
File: bblopts.cfg 2005/09/08 v0.1 add Arabic and Farsi to "declared" options of babel
) (C:\Users\Leoni Gabriel\AppData\Local\Programs\MiKTeX\tex/latex/babel-english\english.ldf
Language: english 2017/06/06 v3.3r English support from the babel system
Package babel Info: Hyphen rules for 'canadian' set to \l@english
(babel)             (\language0). Reported on input line 102.
Package babel Info: Hyphen rules for 'australian' set to \l@ukenglish
(babel)             (\language73). Reported on input line 105.
Package babel Info: Hyphen rules for 'newzealand' set to \l@ukenglish
(babel)             (\language73). Reported on input line 108.
) (C:\Users\Leoni Gabriel\AppData\Local\Programs\MiKTeX\tex/generic/babel-french\french.ldf
Language: french 2023/01/02 v3.5p French support from the babel system
Package babel Info: Hyphen rules for 'acadian' set to \l@french
(babel)             (\language22). Reported on input line 91.
Package babel Info: Hyphen rules for 'canadien' set to \l@french
(babel)             (\language22). Reported on input line 92.
\FB@nonchar=\count326
Package babel Info: Making : an active character on input line 395.
Package babel Info: Making ; an active character on input line 396.
Package babel Info: Making ! an active character on input line 397.
Package babel Info: Making ? an active character on input line 398.
\FBguill@level=\count327
\FBold@everypar=\toks25
\FB@Mht=\dimen192
\mc@charclass=\count328
\mc@charfam=\count329
\mc@charslot=\count330
\std@mcc=\count331
\dec@mcc=\count332
\listindentFB=\dimen193
\descindentFB=\dimen194
\labelindentFB=\dimen195
\labelwidthFB=\dimen196
\leftmarginFB=\dimen197
\parindentFFN=\dimen198
\FBfnindent=\dimen199
) (C:\Users\Leoni Gabriel\AppData\Local\Programs\MiKTeX\tex/latex/babel-spanish\spanish.ldf
Language: spanish.ldf 2021/05/27 v5.0q Spanish support from the babel system
\es@quottoks=\toks26
\es@quotdepth=\count333
Package babel Info: Making " an active character on input line 570.
Package babel Info: Making . an active character on input line 675.
Package babel Info: Making < an active character on input line 722.
Package babel Info: Making > an active character on input line 722.
) (C:\Users\Leoni Gabriel\AppData\Local\Programs\MiKTeX\tex/latex/babel-portuges\brazil.ldf
Language: portuges 2021/07/09 v1.2t Portuguese support from the babel system
Package babel Info: Hyphen rules for 'brazil' set to \l@portuguese
(babel)             (\language56). Reported on input line 111.
)) (C:\Users\Leoni Gabriel\AppData\Local\Programs\MiKTeX\tex/generic/babel/locale/es\babel-spanish.tex
Package babel Info: Importing font and identification data for spanish
(babel)             from babel-es.ini. Reported on input line 11.
) (C:\Users\Leoni Gabriel\AppData\Local\Programs\MiKTeX\tex/generic/babel/locale/fr\babel-french.tex
Package babel Info: Importing font and identification data for french
(babel)             from babel-fr.ini. Reported on input line 11.
) (C:\Users\Leoni Gabriel\AppData\Local\Programs\MiKTeX\tex/generic/babel/locale/en\babel-english.tex
Package babel Info: Importing font and identification data for english
(babel)             from babel-en.ini. Reported on input line 11.
) (C:\Users\Leoni Gabriel\AppData\Local\Programs\MiKTeX\tex/latex/carlisle\scalefnt.sty) (C:\Users\Leoni Gabriel\AppData\Local\Programs\MiKTeX\tex/latex/enumitem\enumitem.sty
Package: enumitem 2019/06/20 v3.9 Customized lists
\labelindent=\skip191
\enit@outerparindent=\dimen256
\enit@toks=\toks27
\enit@inbox=\box56
\enit@count@id=\count334
\enitdp@description=\count335
) (C:\Users\Leoni Gabriel\AppData\Local\Programs\MiKTeX\tex/latex/tools\calc.sty
Package: calc 2017/05/25 v4.3 Infix arithmetic (KKT,FJ)
\calc@Acount=\count336
\calc@Bcount=\count337
\calc@Adimen=\dimen257
\calc@Bdimen=\dimen258
\calc@Askip=\skip192
\calc@Bskip=\skip193
LaTeX Info: Redefining \setlength on input line 80.
LaTeX Info: Redefining \addtolength on input line 81.
\calc@Ccount=\count338
\calc@Cskip=\skip194
)

******************************************************
Stock height and width: 845.04684pt by 597.50787pt
Top and edge trims: 0pt and 0pt
Page height and width: 845.04684pt by 597.50787pt
Text height and width: 708pt by 455pt
Spine and edge margins: 85.35826pt and 56.9055pt
Upper and lower margins: 85.35826pt and 51.68858pt
Headheight and headsep: 14.5pt and 19.8738pt
Footskip: 30pt
Columnsep and columnseprule: 10pt and 0pt
Marginparsep and marginparwidth: 7pt and 42.9055pt
Sidecapsep and sidecapwidth: 7pt and 92pt
Sidebarhsep and sidebarwidth: 7pt and 92pt
Sidebarvsep and sidebartopsep: 14.5pt and 0pt
Sidebarheight: 590.14995pt
Sidefoothsep and sidefootwidth: 7pt and 92pt
Sidefootvsep and sidefootheight: 14.5pt and 590.14995pt
******************************************************

\c@abntex@bookmarkcounter=\count339
\cftlastnumwidth=\skip195
\chapternamenumlength=\skip196
\ABNTEXcitacaorecuo=\skip197
\c@alineasi=\count340
\c@alineasii=\count341
\enitdp@alineas=\count342
\c@subalineasi=\count343
\enitdp@subalineas=\count344
\c@incisosi=\count345
\enitdp@incisos=\count346
\ABNTEXsignwidth=\skip198
\ABNTEXsignthickness=\skip199
\ABNTEXsignskip=\skip256
) (C:\Users\Leoni Gabriel\AppData\Local\Programs\MiKTeX\tex/latex/cmap\cmap.sty
Package: cmap 2021/02/06 v1.0j CMap support: searchable PDF
) (C:\Users\Leoni Gabriel\AppData\Local\Programs\MiKTeX\tex/latex/lm\lmodern.sty
Package: lmodern 2015/05/01 v1.6.1 Latin Modern Fonts
LaTeX Font Info:    Overwriting symbol font `operators' in version `normal'
(Font)                  OT1/cmr/m/n --> OT1/lmr/m/n on input line 22.
LaTeX Font Info:    Overwriting symbol font `letters' in version `normal'
(Font)                  OML/cmm/m/it --> OML/lmm/m/it on input line 23.
LaTeX Font Info:    Overwriting symbol font `symbols' in version `normal'
(Font)                  OMS/cmsy/m/n --> OMS/lmsy/m/n on input line 24.
LaTeX Font Info:    Overwriting symbol font `largesymbols' in version `normal'
(Font)                  OMX/cmex/m/n --> OMX/lmex/m/n on input line 25.
LaTeX Font Info:    Overwriting symbol font `operators' in version `bold'
(Font)                  OT1/cmr/bx/n --> OT1/lmr/bx/n on input line 26.
LaTeX Font Info:    Overwriting symbol font `letters' in version `bold'
(Font)                  OML/cmm/b/it --> OML/lmm/b/it on input line 27.
LaTeX Font Info:    Overwriting symbol font `symbols' in version `bold'
(Font)                  OMS/cmsy/b/n --> OMS/lmsy/b/n on input line 28.
LaTeX Font Info:    Overwriting symbol font `largesymbols' in version `bold'
(Font)                  OMX/cmex/m/n --> OMX/lmex/m/n on input line 29.
LaTeX Font Info:    Overwriting math alphabet `\mathbf' in version `normal'
(Font)                  OT1/cmr/bx/n --> OT1/lmr/bx/n on input line 31.
LaTeX Font Info:    Overwriting math alphabet `\mathsf' in version `normal'
(Font)                  OT1/cmss/m/n --> OT1/lmss/m/n on input line 32.
LaTeX Font Info:    Overwriting math alphabet `\mathit' in version `normal'
(Font)                  OT1/cmr/m/it --> OT1/lmr/m/it on input line 33.
LaTeX Font Info:    Overwriting math alphabet `\mathtt' in version `normal'
(Font)                  OT1/cmtt/m/n --> OT1/lmtt/m/n on input line 34.
LaTeX Font Info:    Overwriting math alphabet `\mathbf' in version `bold'
(Font)                  OT1/cmr/bx/n --> OT1/lmr/bx/n on input line 35.
LaTeX Font Info:    Overwriting math alphabet `\mathsf' in version `bold'
(Font)                  OT1/cmss/bx/n --> OT1/lmss/bx/n on input line 36.
LaTeX Font Info:    Overwriting math alphabet `\mathit' in version `bold'
(Font)                  OT1/cmr/bx/it --> OT1/lmr/bx/it on input line 37.
LaTeX Font Info:    Overwriting math alphabet `\mathtt' in version `bold'
(Font)                  OT1/cmtt/m/n --> OT1/lmtt/m/n on input line 38.
) (C:\Users\Leoni Gabriel\AppData\Local\Programs\MiKTeX\tex/latex/base\fontenc.sty
Package: fontenc 2021/04/29 v2.0v Standard LaTeX package
LaTeX Font Info:    Trying to load font information for T1+lmr on input line 112.
 (C:\Users\Leoni Gabriel\AppData\Local\Programs\MiKTeX\tex/latex/lm\t1lmr.fd
File: t1lmr.fd 2015/05/01 v1.6.1 Font defs for Latin Modern
)<<t1.cmap>>) (C:\Users\Leoni Gabriel\AppData\Local\Programs\MiKTeX\tex/latex/base\inputenc.sty
Package: inputenc 2021/02/14 v1.3d Input encoding file
\inpenc@prehook=\toks28
\inpenc@posthook=\toks29
) (C:\Users\Leoni Gabriel\AppData\Local\Programs\MiKTeX\tex/latex/lastpage\lastpage.sty
Package: lastpage 2021/09/03 v1.2n Refers to last page's name (HMM; JPG)
) (C:\Users\Leoni Gabriel\AppData\Local\Programs\MiKTeX\tex/latex/tools\indentfirst.sty
Package: indentfirst 1995/11/23 v1.03 Indent first paragraph (DPC)
) (C:\Users\Leoni Gabriel\AppData\Local\Programs\MiKTeX\tex/latex/graphics\color.sty
Package: color 2022/01/06 v1.3d Standard LaTeX Color (DPC)
 (C:\Users\Leoni Gabriel\AppData\Local\Programs\MiKTeX\tex/latex/graphics-cfg\color.cfg
File: color.cfg 2016/01/02 v1.6 sample color configuration
)
Package color Info: Driver file: pdftex.def on input line 149.
 (C:\Users\Leoni Gabriel\AppData\Local\Programs\MiKTeX\tex/latex/graphics-def\pdftex.def
File: pdftex.def 2022/09/22 v1.2b Graphics/color driver for pdftex
) (C:\Users\Leoni Gabriel\AppData\Local\Programs\MiKTeX\tex/latex/graphics\mathcolor.ltx)) (C:\Users\Leoni Gabriel\AppData\Local\Programs\MiKTeX\tex/latex/graphics\graphicx.sty
Package: graphicx 2021/09/16 v1.2d Enhanced LaTeX Graphics (DPC,SPQR)
 (C:\Users\Leoni Gabriel\AppData\Local\Programs\MiKTeX\tex/latex/graphics\graphics.sty
Package: graphics 2022/03/10 v1.4e Standard LaTeX Graphics (DPC,SPQR)
 (C:\Users\Leoni Gabriel\AppData\Local\Programs\MiKTeX\tex/latex/graphics\trig.sty
Package: trig 2021/08/11 v1.11 sin cos tan (DPC)
) (C:\Users\Leoni Gabriel\AppData\Local\Programs\MiKTeX\tex/latex/graphics-cfg\graphics.cfg
File: graphics.cfg 2016/06/04 v1.11 sample graphics configuration
)
Package graphics Info: Driver file: pdftex.def on input line 107.
)
\Gin@req@height=\dimen259
\Gin@req@width=\dimen260
) (C:\Users\Leoni Gabriel\AppData\Local\Programs\MiKTeX\tex/latex/units\units.sty
Package: units 1998/08/04 v0.9b Typesetting units
 (C:\Users\Leoni Gabriel\AppData\Local\Programs\MiKTeX\tex/latex/units\nicefrac.sty
Package: nicefrac 1998/08/04 v0.9b Nice fractions
\L@UnitsRaiseDisplaystyle=\skip257
\L@UnitsRaiseTextstyle=\skip258
\L@UnitsRaiseScriptstyle=\skip259
)) (C:\Users\Leoni Gabriel\AppData\Local\Programs\MiKTeX\tex/latex/hyperref\backref.sty
Package: backref 2021/02/04 v1.41 Bibliographical back referencing
) (C:\Users\Leoni Gabriel\AppData\Local\Programs\MiKTeX\tex/latex/abntex2\abntex2cite.sty
Package: abntex2cite 2018/11/24 v-1.9.7 abnTeX2
 (C:\Users\Leoni Gabriel\AppData\Local\Programs\MiKTeX\tex/latex/abntex2\abntex2abrev.sty)
\minimumbiblabelwidth=\skip260
\ABCIauxlen=\skip261
\c@ABCIaux=\count347
\c@ABCImax=\count348
 (C:\Users\Leoni Gabriel\AppData\Local\Programs\MiKTeX\tex/generic/iftex\ifpdf.sty
Package: ifpdf 2019/10/25 v3.4 ifpdf legacy package. Use iftex instead.
) (C:\Users\Leoni Gabriel\AppData\Local\Programs\MiKTeX\tex/generic/iftex\ifxetex.sty
Package: ifxetex 2019/10/25 v0.7 ifxetex legacy package. Use iftex instead.
) (C:\Users\Leoni Gabriel\AppData\Local\Programs\MiKTeX\tex/latex/relsize\relsize.sty
Package: relsize 2013/03/29 ver 4.1
)
\biblabelsep=\skip262
LaTeX Info: Redefining \newblock on input line 591.
LaTeX Info: Redefining \cite on input line 618.
\ABCItoken=\toks30
) (C:\Users\Leoni Gabriel\AppData\Local\Programs\MiKTeX\tex/latex/bold-extra\bold-extra.sty
Package: bold-extra 2001/11/13 v0.1 Use fonts from cm/mf-extra/bold
)) (C:\Users\Leoni Gabriel\AppData\Local\Programs\MiKTeX\tex/latex/eso-pic\eso-pic.sty
Package: eso-pic 2020/10/14 v3.0a eso-pic (RN)
\ESO@tempdima=\dimen261
\ESO@tempdimb=\dimen262
) (fixos/comandos.tex) (fixos/customizacoes.sty) (editaveis/informacoes.tex) (fixos/informacoes.tex) (fixos/setup.tex
Package color Info: Redefining color blue on input line 1.
Package hyperref Info: Option `colorlinks' set `true' on input line 16.
)
\tcc@idxfile=\write4
\openout4 = `tcc.idx'.


Writing index file tcc.idx 
(C:\Users\Leoni Gabriel\AppData\Local\Programs\MiKTeX\tex/latex/l3backend\l3backend-pdftex.def
File: l3backend-pdftex.def 2023-01-16 L3 backend support: PDF output (pdfTeX)
\l__color_backend_stack_int=\count349
\l__pdf_internal_box=\box57
) (tcc.aux)
\openout1 = `tcc.aux'.

LaTeX Font Info:    Checking defaults for OML/cmm/m/it on input line 10.
LaTeX Font Info:    ... okay on input line 10.
LaTeX Font Info:    Checking defaults for OMS/cmsy/m/n on input line 10.
LaTeX Font Info:    ... okay on input line 10.
LaTeX Font Info:    Checking defaults for OT1/cmr/m/n on input line 10.
LaTeX Font Info:    ... okay on input line 10.
LaTeX Font Info:    Checking defaults for T1/cmr/m/n on input line 10.
LaTeX Font Info:    ... okay on input line 10.
LaTeX Font Info:    Checking defaults for TS1/cmr/m/n on input line 10.
LaTeX Font Info:    ... okay on input line 10.
LaTeX Font Info:    Checking defaults for OMX/cmex/m/n on input line 10.
LaTeX Font Info:    ... okay on input line 10.
LaTeX Font Info:    Checking defaults for U/cmr/m/n on input line 10.
LaTeX Font Info:    ... okay on input line 10.
LaTeX Font Info:    Checking defaults for PD1/pdf/m/n on input line 10.
LaTeX Font Info:    ... okay on input line 10.
LaTeX Font Info:    Checking defaults for PU/pdf/m/n on input line 10.
LaTeX Font Info:    ... okay on input line 10.
Package hyperref Info: Link coloring ON on input line 10.
LaTeX Info: Redefining \degres on input line 10.
LaTeX Info: Redefining \up on input line 10.
\myptabbox=\box58
\myptabboxwidth=\skip263
Package lastpage Info: Please have a look at the pageslts package at
(lastpage)             https://www.ctan.org/pkg/pageslts
(lastpage)             ! on input line 10.
 (C:\Users\Leoni Gabriel\AppData\Local\Programs\MiKTeX\tex/context/base/mkii\supp-pdf.mkii
[Loading MPS to PDF converter (version 2006.09.02).]
\scratchcounter=\count350
\scratchdimen=\dimen263
\scratchbox=\box59
\nofMPsegments=\count351
\nofMParguments=\count352
\everyMPshowfont=\toks31
\MPscratchCnt=\count353
\MPscratchDim=\dimen264
\MPnumerator=\count354
\makeMPintoPDFobject=\count355
\everyMPtoPDFconversion=\toks32
) (C:\Users\Leoni Gabriel\AppData\Local\Programs\MiKTeX\tex/latex/epstopdf-pkg\epstopdf-base.sty
Package: epstopdf-base 2020-01-24 v2.11 Base part for package epstopdf
Package epstopdf-base Info: Redefining graphics rule for `.eps' on input line 485.
 (C:\Users\Leoni Gabriel\AppData\Local\Programs\MiKTeX\tex/latex/00miktex\epstopdf-sys.cfg
File: epstopdf-sys.cfg 2021/03/18 v2.0 Configuration of epstopdf for MiKTeX
))
LaTeX Font Info:    Trying to load font information for T1+lmss on input line 13.
 (C:\Users\Leoni Gabriel\AppData\Local\Programs\MiKTeX\tex/latex/lm\t1lmss.fd
File: t1lmss.fd 2015/05/01 v1.6.1 Font defs for Latin Modern
)
Package epstopdf Info: Source file: <figuras/capa.eps>
(epstopdf)                    date: 2023-02-02 22:59:02
(epstopdf)                    size: 12409969 bytes
(epstopdf)             Output file: <figuras/capa-eps-converted-to.pdf>
(epstopdf)                    date: 2023-02-04 18:20:10
(epstopdf)                    size: 1104393 bytes
(epstopdf)             Command: <miktex-epstopdf --outfile=figuras/capa-eps-converted-to.pdf figuras/capa.eps>
(epstopdf)             \includegraphics on input line 13.
Package epstopdf Info: Output file is already uptodate.


pdfTeX warning: pdflatex (file ./figuras/capa-eps-converted-to.pdf): PDF inclusion: found PDF version <1.7>, but at most version <1.5> allowed
<figuras/capa-eps-converted-to.pdf, id=4, 10037.5pt x 14194.02875pt>
File: figuras/capa-eps-converted-to.pdf Graphic file (type pdf)
<use figuras/capa-eps-converted-to.pdf>
Package pdftex.def Info: figuras/capa-eps-converted-to.pdf  used on input line 13.
(pdftex.def)             Requested size: 597.47607pt x 844.89091pt.
[1

{C:/Users/Leoni Gabriel/AppData/Local/MiKTeX/fonts/map/pdftex/pdftex.map} <./figuras/capa-eps-converted-to.pdf>] [2

]
LaTeX Font Info:    Trying to load font information for OT1+lmr on input line 15.
 (C:\Users\Leoni Gabriel\AppData\Local\Programs\MiKTeX\tex/latex/lm\ot1lmr.fd
File: ot1lmr.fd 2015/05/01 v1.6.1 Font defs for Latin Modern
)<<ot1.cmap>>
LaTeX Font Info:    Trying to load font information for OML+lmm on input line 15.
 (C:\Users\Leoni Gabriel\AppData\Local\Programs\MiKTeX\tex/latex/lm\omllmm.fd
File: omllmm.fd 2015/05/01 v1.6.1 Font defs for Latin Modern
)<<oml.cmap>>
LaTeX Font Info:    Trying to load font information for OMS+lmsy on input line 15.
 (C:\Users\Leoni Gabriel\AppData\Local\Programs\MiKTeX\tex/latex/lm\omslmsy.fd
File: omslmsy.fd 2015/05/01 v1.6.1 Font defs for Latin Modern
)<<oms.cmap>>
LaTeX Font Info:    Trying to load font information for OMX+lmex on input line 15.
 (C:\Users\Leoni Gabriel\AppData\Local\Programs\MiKTeX\tex/latex/lm\omxlmex.fd
File: omxlmex.fd 2015/05/01 v1.6.1 Font defs for Latin Modern
)
LaTeX Font Info:    External font `lmex10' loaded for size
(Font)              <12> on input line 15.
<<omx.cmap>>
LaTeX Font Info:    External font `lmex10' loaded for size
(Font)              <8> on input line 15.
LaTeX Font Info:    External font `lmex10' loaded for size
(Font)              <6> on input line 15.

pdfTeX warning (ext4): destination with the same identifier (name{page.1}) has been already used, duplicate ignored
<to be read again> 
                   \relax 
l.15 
      [1


] (fixos/indiceAutomatico.tex (tcc.toc
LaTeX Font Info:    External font `lmex10' loaded for size
(Font)              <14.4> on input line 8.
LaTeX Font Info:    External font `lmex10' loaded for size
(Font)              <10> on input line 8.
LaTeX Font Info:    External font `lmex10' loaded for size
(Font)              <7> on input line 8.
LaTeX Font Info:    Font shape `T1/lmss/bx/it' in size <12> not available
(Font)              Font shape `T1/lmss/bx/sl' tried instead on input line 12.
)
pdfTeX warning (ext4): destination with the same identifier (name{page.2}) has been already used, duplicate ignored
<to be read again> 
                   \relax 
l.3 \cleardoublepage
                     [2]) (editaveis/introducao.tex
Underfull \vbox (badness 10000) has occurred while \output is active []

 [3


]
<figuras/simple-gnss-sdr-flowgraph.png, id=67, 1044.7833pt x 349.0641pt>
File: figuras/simple-gnss-sdr-flowgraph.png Graphic file (type png)
<use figuras/simple-gnss-sdr-flowgraph.png>
Package pdftex.def Info: figuras/simple-gnss-sdr-flowgraph.png  used on input line 23.
(pdftex.def)             Requested size: 455.0pt x 152.01743pt.
) (editaveis/textoepostexto/revisaoteorica/estadodaarte.tex [4 <./figuras/simple-gnss-sdr-flowgraph.png>] [5

] [6] [7

]
<figuras/Gráfico para dureza do solo.png, id=101, 356.83313pt x 204.01219pt>
File: figuras/Gráfico para dureza do solo.png Graphic file (type png)
<use figuras/Gráfico para dureza do solo.png>
Package pdftex.def Info: figuras/Gráfico para dureza do solo.png  used on input line 24.
(pdftex.def)             Requested size: 318.49861pt x 182.10258pt.
<figuras/GNSS_componentes.png, id=110, 551.81157pt x 253.69781pt>
File: figuras/GNSS_componentes.png Graphic file (type png)
<use figuras/GNSS_componentes.png>
Package pdftex.def Info: figuras/GNSS_componentes.png  used on input line 38.
(pdftex.def)             Requested size: 318.49861pt x 146.43642pt.
 [8 <./figuras/Gráfico para dureza do solo.png>]
Overfull \hbox (6.6196pt too wide) in paragraph at lines 44--45
[]\T1/lmr/m/n/12 ([][]TEUNISSEN; MO-TEN-BRUCK[][], [][]2017[][][]) ex-pli-cam que o sis-tema ame-ri-cano de GNSS,
 []

[9 <./figuras/GNSS_componentes.png>]
Underfull \vbox (badness 10000) has occurred while \output is active []

 [10]) (editaveis/textoepostexto/revisaoteorica/funcionamento.tex
LaTeX Font Info:    Font shape `T1/lmss/m/it' in size <17.28> not available
(Font)              Font shape `T1/lmss/m/sl' tried instead on input line 1.
LaTeX Font Info:    Trying to load font information for TS1+lmr on input line 5.
 (C:\Users\Leoni Gabriel\AppData\Local\Programs\MiKTeX\tex/latex/lm\ts1lmr.fd
File: ts1lmr.fd 2015/05/01 v1.6.1 Font defs for Latin Modern
)
<figuras/Trilateração.png, id=151, 444.15938pt x 343.2825pt>
File: figuras/Trilateração.png Graphic file (type png)
<use figuras/Trilateração.png>
Package pdftex.def Info: figuras/Trilateração.png  used on input line 12.
(pdftex.def)             Requested size: 273.00278pt x 210.99962pt.
 [11]
<figuras/Recepção do sinal de GNSS.png, id=172, 315.42844pt x 228.10219pt>
File: figuras/Recepção do sinal de GNSS.png Graphic file (type png)
<use figuras/Recepção do sinal de GNSS.png>
Package pdftex.def Info: figuras/Recepção do sinal de GNSS.png  used on input line 41.
(pdftex.def)             Requested size: 273.00278pt x 197.43443pt.

Underfull \vbox (badness 10000) has occurred while \output is active []

 [12 <./figuras/Trilateração.png>]
<figuras/Trilateração real.png, id=185, 402.75468pt x 312.41719pt>
File: figuras/Trilateração real.png Graphic file (type png)
<use figuras/Trilateração real.png>
Package pdftex.def Info: figuras/Trilateração real.png  used on input line 55.
(pdftex.def)             Requested size: 273.00278pt x 211.7687pt.
) (tcc.bbl (tcc.brf)
\tf@brf=\write5
\openout5 = `tcc.brf'.

 [13 <./figuras/Recepção do sinal de GNSS.png> <./figuras/Trilateração real.png>] [14

]
bibitemlist
) 
AED: lastpage setting LastPage
[15]
\tf@toc=\write6
\openout6 = `tcc.toc'.

 (tcc.aux)
Package rerunfilecheck Info: File `tcc.brf' has not changed.
(rerunfilecheck)             Checksum: F73B332CC064BA47B5C3B7F089EBC3C1;854.
 ) 
Here is how much of TeX's memory you used:
 16915 strings out of 476375
 277487 string characters out of 5785164
 1861299 words of memory out of 5000000
 36896 multiletter control sequences out of 15000+600000
 586443 words of font info for 71 fonts, out of 8000000 for 9000
 1141 hyphenation exceptions out of 8191
 95i,13n,93p,1340b,577s stack positions out of 10000i,1000n,20000p,200000b,200000s
{C:/Users/Leoni Gabriel/AppData/Local/Programs/MiKTeX/fonts/enc/dvips/lm/lm-mathex.enc}{C:/Users/Leoni Gabriel/AppData/Local/Programs/MiKTeX/fonts/enc/dvips/lm/lm-mathit.enc}{C:/Users/Leoni Gabriel/AppData/Local/Programs/MiKTeX/fonts/enc/dvips/lm/lm-ts1.enc}{C:/Users/Leoni Gabriel/AppData/Local/Programs/MiKTeX/fonts/enc/dvips/lm/lm-ec.enc}{C:/Users/Leoni Gabriel/AppData/Local/Programs/MiKTeX/fonts/enc/dvips/lm/lm-rm.enc}{C:/Users/Leoni Gabriel/AppData/Local/Programs/MiKTeX/fonts/enc/dvips/lm/lm-mathsy.enc}<C:/Users/Leoni Gabriel/AppData/Local/Programs/MiKTeX/fonts/type1/public/lm/lmbx12.pfb><C:/Users/Leoni Gabriel/AppData/Local/Programs/MiKTeX/fonts/type1/public/lm/lmex10.pfb><C:/Users/Leoni Gabriel/AppData/Local/Programs/MiKTeX/fonts/type1/public/lm/lmmi12.pfb><C:/Users/Leoni Gabriel/AppData/Local/Programs/MiKTeX/fonts/type1/public/lm/lmmi8.pfb><C:/Users/Leoni Gabriel/AppData/Local/Programs/MiKTeX/fonts/type1/public/lm/lmr10.pfb><C:/Users/Leoni Gabriel/AppData/Local/Programs/MiKTeX/fonts/type1/public/lm/lmr12.pfb><C:/Users/Leoni Gabriel/AppData/Local/Programs/MiKTeX/fonts/type1/public/lm/lmr8.pfb><C:/Users/Leoni Gabriel/AppData/Local/Programs/MiKTeX/fonts/type1/public/lm/lmri10.pfb><C:/Users/Leoni Gabriel/AppData/Local/Programs/MiKTeX/fonts/type1/public/lm/lmri12.pfb><C:/Users/Leoni Gabriel/AppData/Local/Programs/MiKTeX/fonts/type1/public/lm/lmss12.pfb><C:/Users/Leoni Gabriel/AppData/Local/Programs/MiKTeX/fonts/type1/public/lm/lmss17.pfb><C:/Users/Leoni Gabriel/AppData/Local/Programs/MiKTeX/fonts/type1/public/lm/lmssbo10.pfb><C:/Users/Leoni Gabriel/AppData/Local/Programs/MiKTeX/fonts/type1/public/lm/lmssbx10.pfb><C:/Users/Leoni Gabriel/AppData/Local/Programs/MiKTeX/fonts/type1/public/lm/lmsso17.pfb><C:/Users/Leoni Gabriel/AppData/Local/Programs/MiKTeX/fonts/type1/public/lm/lmsy10.pfb>
Output written on tcc.pdf (17 pages, 1818425 bytes).
PDF statistics:
 322 PDF objects out of 1000 (max. 8388607)
 49 named destinations out of 1000 (max. 500000)
 144 words of extra memory for PDF output out of 10000 (max. 10000000)

